{"C:\\Users\\rayee\\Projects\\leetcode\\Search Insert Position\\searchInsertPosition.js": {"path":"C:\\Users\\rayee\\Projects\\leetcode\\Search Insert Position\\searchInsertPosition.js","statementMap":{"0":{"start":{"line":6,"column":19},"end":{"line":8,"column":1}},"1":{"start":{"line":7,"column":2},"end":{"line":7,"column":49}},"2":{"start":{"line":11,"column":2},"end":{"line":13,"column":3}},"3":{"start":{"line":12,"column":4},"end":{"line":12,"column":12}},"4":{"start":{"line":14,"column":2},"end":{"line":21,"column":3}},"5":{"start":{"line":15,"column":4},"end":{"line":17,"column":5}},"6":{"start":{"line":16,"column":6},"end":{"line":16,"column":14}},"7":{"start":{"line":18,"column":4},"end":{"line":20,"column":5}},"8":{"start":{"line":19,"column":6},"end":{"line":19,"column":18}},"9":{"start":{"line":23,"column":12},"end":{"line":23,"column":35}},"10":{"start":{"line":24,"column":2},"end":{"line":36,"column":3}},"11":{"start":{"line":25,"column":4},"end":{"line":25,"column":12}},"12":{"start":{"line":26,"column":9},"end":{"line":36,"column":3}},"13":{"start":{"line":27,"column":4},"end":{"line":29,"column":5}},"14":{"start":{"line":28,"column":6},"end":{"line":28,"column":14}},"15":{"start":{"line":30,"column":4},"end":{"line":30,"column":13}},"16":{"start":{"line":32,"column":4},"end":{"line":34,"column":5}},"17":{"start":{"line":33,"column":6},"end":{"line":33,"column":18}},"18":{"start":{"line":35,"column":4},"end":{"line":35,"column":13}},"19":{"start":{"line":37,"column":2},"end":{"line":37,"column":35}},"20":{"start":{"line":40,"column":0},"end":{"line":40,"column":29}}},"fnMap":{"0":{"name":"(anonymous_0)","decl":{"start":{"line":6,"column":19},"end":{"line":6,"column":20}},"loc":{"start":{"line":6,"column":43},"end":{"line":8,"column":1}},"line":6},"1":{"name":"helper","decl":{"start":{"line":10,"column":9},"end":{"line":10,"column":15}},"loc":{"start":{"line":10,"column":37},"end":{"line":38,"column":1}},"line":10}},"branchMap":{"0":{"loc":{"start":{"line":11,"column":2},"end":{"line":13,"column":3}},"type":"if","locations":[{"start":{"line":11,"column":2},"end":{"line":13,"column":3}},{"start":{"line":11,"column":2},"end":{"line":13,"column":3}}],"line":11},"1":{"loc":{"start":{"line":14,"column":2},"end":{"line":21,"column":3}},"type":"if","locations":[{"start":{"line":14,"column":2},"end":{"line":21,"column":3}},{"start":{"line":14,"column":2},"end":{"line":21,"column":3}}],"line":14},"2":{"loc":{"start":{"line":15,"column":4},"end":{"line":17,"column":5}},"type":"if","locations":[{"start":{"line":15,"column":4},"end":{"line":17,"column":5}},{"start":{"line":15,"column":4},"end":{"line":17,"column":5}}],"line":15},"3":{"loc":{"start":{"line":18,"column":4},"end":{"line":20,"column":5}},"type":"if","locations":[{"start":{"line":18,"column":4},"end":{"line":20,"column":5}},{"start":{"line":18,"column":4},"end":{"line":20,"column":5}}],"line":18},"4":{"loc":{"start":{"line":24,"column":2},"end":{"line":36,"column":3}},"type":"if","locations":[{"start":{"line":24,"column":2},"end":{"line":36,"column":3}},{"start":{"line":24,"column":2},"end":{"line":36,"column":3}}],"line":24},"5":{"loc":{"start":{"line":26,"column":9},"end":{"line":36,"column":3}},"type":"if","locations":[{"start":{"line":26,"column":9},"end":{"line":36,"column":3}},{"start":{"line":26,"column":9},"end":{"line":36,"column":3}}],"line":26},"6":{"loc":{"start":{"line":27,"column":4},"end":{"line":29,"column":5}},"type":"if","locations":[{"start":{"line":27,"column":4},"end":{"line":29,"column":5}},{"start":{"line":27,"column":4},"end":{"line":29,"column":5}}],"line":27},"7":{"loc":{"start":{"line":32,"column":4},"end":{"line":34,"column":5}},"type":"if","locations":[{"start":{"line":32,"column":4},"end":{"line":34,"column":5}},{"start":{"line":32,"column":4},"end":{"line":34,"column":5}}],"line":32}},"s":{"0":1,"1":12,"2":16,"3":3,"4":13,"5":5,"6":2,"7":3,"8":2,"9":9,"10":9,"11":3,"12":6,"13":2,"14":1,"15":1,"16":4,"17":1,"18":3,"19":4,"20":1},"f":{"0":12,"1":16},"b":{"0":[3,13],"1":[5,8],"2":[2,3],"3":[2,1],"4":[3,6],"5":[2,4],"6":[1,1],"7":[1,3]},"_coverageSchema":"1a1c01bbd47fc00a2c39e90264f33305004495a9","hash":"27284d0285033c4a4c48c65759ced8ff38d2a58e"}
,"C:\\Users\\rayee\\Projects\\leetcode\\binary-serach\\bs.js": {"path":"C:\\Users\\rayee\\Projects\\leetcode\\binary-serach\\bs.js","statementMap":{"0":{"start":{"line":6,"column":13},"end":{"line":9,"column":1}},"1":{"start":{"line":7,"column":10},"end":{"line":7,"column":11}},"2":{"start":{"line":7,"column":17},"end":{"line":7,"column":32}},"3":{"start":{"line":8,"column":2},"end":{"line":8,"column":41}},"4":{"start":{"line":12,"column":10},"end":{"line":12,"column":33}},"5":{"start":{"line":14,"column":2},"end":{"line":25,"column":3}},"6":{"start":{"line":15,"column":4},"end":{"line":15,"column":12}},"7":{"start":{"line":17,"column":7},"end":{"line":25,"column":3}},"8":{"start":{"line":18,"column":4},"end":{"line":18,"column":13}},"9":{"start":{"line":20,"column":7},"end":{"line":25,"column":3}},"10":{"start":{"line":21,"column":4},"end":{"line":21,"column":13}},"11":{"start":{"line":23,"column":7},"end":{"line":25,"column":3}},"12":{"start":{"line":24,"column":4},"end":{"line":24,"column":13}},"13":{"start":{"line":27,"column":2},"end":{"line":27,"column":41}},"14":{"start":{"line":30,"column":0},"end":{"line":30,"column":23}}},"fnMap":{"0":{"name":"(anonymous_0)","decl":{"start":{"line":6,"column":13},"end":{"line":6,"column":14}},"loc":{"start":{"line":6,"column":37},"end":{"line":9,"column":1}},"line":6},"1":{"name":"binarySearch","decl":{"start":{"line":11,"column":9},"end":{"line":11,"column":21}},"loc":{"start":{"line":11,"column":43},"end":{"line":28,"column":1}},"line":11}},"branchMap":{"0":{"loc":{"start":{"line":14,"column":2},"end":{"line":25,"column":3}},"type":"if","locations":[{"start":{"line":14,"column":2},"end":{"line":25,"column":3}},{"start":{"line":14,"column":2},"end":{"line":25,"column":3}}],"line":14},"1":{"loc":{"start":{"line":17,"column":7},"end":{"line":25,"column":3}},"type":"if","locations":[{"start":{"line":17,"column":7},"end":{"line":25,"column":3}},{"start":{"line":17,"column":7},"end":{"line":25,"column":3}}],"line":17},"2":{"loc":{"start":{"line":20,"column":7},"end":{"line":25,"column":3}},"type":"if","locations":[{"start":{"line":20,"column":7},"end":{"line":25,"column":3}},{"start":{"line":20,"column":7},"end":{"line":25,"column":3}}],"line":20},"3":{"loc":{"start":{"line":23,"column":7},"end":{"line":25,"column":3}},"type":"if","locations":[{"start":{"line":23,"column":7},"end":{"line":25,"column":3}},{"start":{"line":23,"column":7},"end":{"line":25,"column":3}}],"line":23}},"s":{"0":1,"1":3,"2":3,"3":3,"4":7,"5":7,"6":3,"7":4,"8":0,"9":4,"10":1,"11":3,"12":3,"13":4,"14":1},"f":{"0":3,"1":7},"b":{"0":[3,4],"1":[0,4],"2":[1,3],"3":[3,0]},"_coverageSchema":"1a1c01bbd47fc00a2c39e90264f33305004495a9","hash":"72dd7644eb6f4ca3d25ec916b44c7ee9552ce2fb"}
,"C:\\Users\\rayee\\Projects\\leetcode\\first bad version\\versionCheck.js": {"path":"C:\\Users\\rayee\\Projects\\leetcode\\first bad version\\versionCheck.js","statementMap":{"0":{"start":{"line":15,"column":15},"end":{"line":48,"column":1}},"1":{"start":{"line":20,"column":2},"end":{"line":25,"column":3}},"2":{"start":{"line":24,"column":4},"end":{"line":24,"column":24}},"3":{"start":{"line":28,"column":4},"end":{"line":30,"column":5}},"4":{"start":{"line":29,"column":6},"end":{"line":29,"column":14}},"5":{"start":{"line":33,"column":4},"end":{"line":37,"column":5}},"6":{"start":{"line":34,"column":6},"end":{"line":36,"column":7}},"7":{"start":{"line":35,"column":8},"end":{"line":35,"column":16}},"8":{"start":{"line":40,"column":12},"end":{"line":40,"column":35}},"9":{"start":{"line":41,"column":4},"end":{"line":45,"column":5}},"10":{"start":{"line":42,"column":6},"end":{"line":42,"column":11}},"11":{"start":{"line":44,"column":6},"end":{"line":44,"column":11}},"12":{"start":{"line":46,"column":4},"end":{"line":46,"column":23}},"13":{"start":{"line":50,"column":0},"end":{"line":50,"column":25}}},"fnMap":{"0":{"name":"(anonymous_0)","decl":{"start":{"line":15,"column":15},"end":{"line":15,"column":16}},"loc":{"start":{"line":15,"column":39},"end":{"line":48,"column":1}},"line":15},"1":{"name":"(anonymous_1)","decl":{"start":{"line":20,"column":9},"end":{"line":20,"column":10}},"loc":{"start":{"line":20,"column":22},"end":{"line":25,"column":3}},"line":20},"2":{"name":"helper","decl":{"start":{"line":27,"column":11},"end":{"line":27,"column":17}},"loc":{"start":{"line":27,"column":25},"end":{"line":47,"column":3}},"line":27}},"branchMap":{"0":{"loc":{"start":{"line":28,"column":4},"end":{"line":30,"column":5}},"type":"if","locations":[{"start":{"line":28,"column":4},"end":{"line":30,"column":5}},{"start":{"line":28,"column":4},"end":{"line":30,"column":5}}],"line":28},"1":{"loc":{"start":{"line":28,"column":8},"end":{"line":28,"column":34}},"type":"binary-expr","locations":[{"start":{"line":28,"column":8},"end":{"line":28,"column":15}},{"start":{"line":28,"column":19},"end":{"line":28,"column":34}}],"line":28},"2":{"loc":{"start":{"line":33,"column":4},"end":{"line":37,"column":5}},"type":"if","locations":[{"start":{"line":33,"column":4},"end":{"line":37,"column":5}},{"start":{"line":33,"column":4},"end":{"line":37,"column":5}}],"line":33},"3":{"loc":{"start":{"line":34,"column":6},"end":{"line":36,"column":7}},"type":"if","locations":[{"start":{"line":34,"column":6},"end":{"line":36,"column":7}},{"start":{"line":34,"column":6},"end":{"line":36,"column":7}}],"line":34},"4":{"loc":{"start":{"line":34,"column":10},"end":{"line":34,"column":45}},"type":"binary-expr","locations":[{"start":{"line":34,"column":10},"end":{"line":34,"column":26}},{"start":{"line":34,"column":30},"end":{"line":34,"column":45}}],"line":34},"5":{"loc":{"start":{"line":41,"column":4},"end":{"line":45,"column":5}},"type":"if","locations":[{"start":{"line":41,"column":4},"end":{"line":45,"column":5}},{"start":{"line":41,"column":4},"end":{"line":45,"column":5}}],"line":41}},"s":{"0":1,"1":5,"2":5,"3":34,"4":1,"5":33,"6":4,"7":4,"8":29,"9":29,"10":20,"11":9,"12":29,"13":1},"f":{"0":5,"1":5,"2":34},"b":{"0":[1,33],"1":[34,18],"2":[4,29],"3":[4,0],"4":[4,4],"5":[20,9]},"_coverageSchema":"1a1c01bbd47fc00a2c39e90264f33305004495a9","hash":"47b08f85bf77bbfdc5675dccfa93688bce9c564e"}
}
