TN:
SF:Search Insert Position\searchInsertPosition.js
FN:6,(anonymous_0)
FN:10,helper
FNF:2
FNH:2
FNDA:12,(anonymous_0)
FNDA:16,helper
DA:6,1
DA:7,12
DA:11,16
DA:12,3
DA:14,13
DA:15,5
DA:16,2
DA:18,3
DA:19,2
DA:23,9
DA:24,9
DA:25,3
DA:26,6
DA:27,2
DA:28,1
DA:30,1
DA:32,4
DA:33,1
DA:35,3
DA:37,4
DA:40,1
LF:21
LH:21
BRDA:11,0,0,3
BRDA:11,0,1,13
BRDA:14,1,0,5
BRDA:14,1,1,8
BRDA:15,2,0,2
BRDA:15,2,1,3
BRDA:18,3,0,2
BRDA:18,3,1,1
BRDA:24,4,0,3
BRDA:24,4,1,6
BRDA:26,5,0,2
BRDA:26,5,1,4
BRDA:27,6,0,1
BRDA:27,6,1,1
BRDA:32,7,0,1
BRDA:32,7,1,3
BRF:16
BRH:16
end_of_record
TN:
SF:binary-serach\bs.js
FN:6,(anonymous_0)
FN:11,binarySearch
FNF:2
FNH:2
FNDA:3,(anonymous_0)
FNDA:7,binarySearch
DA:6,1
DA:7,3
DA:8,3
DA:12,7
DA:14,7
DA:15,3
DA:17,4
DA:18,0
DA:20,4
DA:21,1
DA:23,3
DA:24,3
DA:27,4
DA:30,1
LF:14
LH:13
BRDA:14,0,0,3
BRDA:14,0,1,4
BRDA:17,1,0,0
BRDA:17,1,1,4
BRDA:20,2,0,1
BRDA:20,2,1,3
BRDA:23,3,0,3
BRDA:23,3,1,0
BRF:8
BRH:6
end_of_record
TN:
SF:first bad version\versionCheck.js
FN:15,(anonymous_0)
FN:20,(anonymous_1)
FN:27,helper
FNF:3
FNH:3
FNDA:5,(anonymous_0)
FNDA:5,(anonymous_1)
FNDA:34,helper
DA:15,1
DA:20,5
DA:24,5
DA:28,34
DA:29,1
DA:33,33
DA:34,4
DA:35,4
DA:40,29
DA:41,29
DA:42,20
DA:44,9
DA:46,29
DA:50,1
LF:14
LH:14
BRDA:28,0,0,1
BRDA:28,0,1,33
BRDA:28,1,0,34
BRDA:28,1,1,18
BRDA:33,2,0,4
BRDA:33,2,1,29
BRDA:34,3,0,4
BRDA:34,3,1,0
BRDA:34,4,0,4
BRDA:34,4,1,4
BRDA:41,5,0,20
BRDA:41,5,1,9
BRF:12
BRH:11
end_of_record
